2022-08-22 13:59:16 INFO  Log:12 - =====================================loginTest TEST START=========================================
2022-08-22 13:59:16 INFO  Log:23 - User is going to click on signIn button
2022-08-22 13:59:38 INFO  Log:12 - =====================================loginTest TEST START=========================================
2022-08-22 13:59:38 INFO  Log:23 - User is going to click on signIn button
2022-08-22 13:59:44 INFO  Log:23 - Enter username and password
2022-08-22 13:59:47 INFO  Log:23 - Compare the expected and actual result
2022-08-22 13:59:47 INFO  Log:23 - Login is successfull
2022-08-22 13:59:47 INFO  Log:16 - =====================================loginTest TEST END=========================================
2022-08-23 12:40:27 INFO  Log:12 - =====================================loginTest TEST START=========================================
2022-08-23 12:40:27 INFO  Log:23 - User is going to click on signIn button
2022-08-23 12:40:31 INFO  Log:23 - Enter username and password
2022-08-23 12:40:34 INFO  Log:23 - Compare the expected and actual result
2022-08-23 12:40:34 INFO  Log:23 - Login is successfull
2022-08-23 12:40:34 INFO  Log:16 - =====================================loginTest TEST END=========================================
2022-08-23 12:40:44 INFO  Log:12 - =====================================loginTest TEST START=========================================
2022-08-23 12:40:44 INFO  Log:23 - User is going to click on signIn button
2022-08-23 12:40:47 INFO  Log:23 - Enter username and password
2022-08-23 12:40:52 INFO  Log:23 - Compare the expected and actual result
2022-08-23 12:58:28 INFO  Log:12 - =====================================loginTest TEST START=========================================
2022-08-23 12:58:28 INFO  Log:23 - User is going to click on signIn button
2022-08-23 12:58:33 INFO  Log:23 - Enter username and password
2022-08-23 12:58:39 INFO  Log:23 - Compare the expected and actual result
2022-08-23 12:58:39 INFO  Log:23 - Login is successfull
2022-08-23 12:58:39 INFO  Log:16 - =====================================loginTest TEST END=========================================
2022-08-23 13:39:06 INFO  Log:12 - =====================================loginTest TEST START=========================================
2022-08-23 13:39:06 INFO  Log:23 - User is going to click on signIn button
2022-08-25 14:01:37 INFO  Log:12 - =====================================orderHistoryTest TEST START=========================================
2022-08-25 14:01:42 INFO  Log:16 - =====================================orderHistoryTest TEST END=========================================
2022-08-25 14:10:35 INFO  Log:12 - =====================================loginTest TEST START=========================================
2022-08-25 14:10:35 INFO  Log:23 - User is going to click on signIn button
2022-08-25 14:10:39 INFO  Log:23 - Enter username and password
2022-08-25 14:10:42 INFO  Log:23 - Compare the expected and actual result
2022-08-25 14:10:42 INFO  Log:23 - Login is successfull
2022-08-25 14:10:42 INFO  Log:16 - =====================================loginTest TEST END=========================================
2022-08-25 14:12:58 INFO  Log:12 - =====================================orderHistoryTest TEST START=========================================
2022-08-25 14:13:06 INFO  Log:16 - =====================================orderHistoryTest TEST END=========================================
2022-08-25 14:22:50 INFO  Log:12 - =====================================loginTest TEST START=========================================
2022-08-25 14:22:50 INFO  Log:23 - User is going to click on signIn button
2022-08-25 14:22:54 INFO  Log:23 - Enter username and password
2022-08-25 14:22:58 INFO  Log:23 - Compare the expected and actual result
2022-08-25 14:22:58 INFO  Log:23 - Login is successfull
2022-08-25 14:22:58 INFO  Log:16 - =====================================loginTest TEST END=========================================
2022-08-25 14:25:15 INFO  Log:12 - =====================================orderHistoryTest TEST START=========================================
2022-08-25 14:25:21 INFO  Log:16 - =====================================orderHistoryTest TEST END=========================================
2022-08-25 14:25:32 INFO  Log:12 - =====================================wishListTest TEST START=========================================
2022-08-25 14:25:39 INFO  Log:16 - =====================================wishListTest TEST END=========================================
2022-08-25 14:26:43 DEBUG cache:45 - Couldn't find template in cache for "v3html/v3-html-index.ftl"("en", UTF-8, parsed); will try to load it.
2022-08-25 14:26:43 DEBUG cache:45 - TemplateLoader.findTemplateSource("v3html/v3-html-index_en.ftl"): Not found
2022-08-25 14:26:43 DEBUG cache:45 - TemplateLoader.findTemplateSource("v3html/v3-html-index.ftl"): Found
2022-08-25 14:26:43 DEBUG cache:45 - Loading template for "v3html/v3-html-index.ftl"("en", UTF-8, parsed) from "jar:file:/C:/Users/akash/.m2/repository/com/aventstack/extentreports/4.0.9/extentreports-4.0.9.jar!/com/aventstack/extentreports/view/v3html/v3-html-index.ftl"
2022-08-25 14:26:43 DEBUG cache:45 - Couldn't find template in cache for "v3html/v3-html-head.ftl"("en", UTF-8, parsed); will try to load it.
2022-08-25 14:26:43 DEBUG cache:45 - TemplateLoader.findTemplateSource("v3html/v3-html-head_en.ftl"): Not found
2022-08-25 14:26:43 DEBUG cache:45 - TemplateLoader.findTemplateSource("v3html/v3-html-head.ftl"): Found
2022-08-25 14:26:43 DEBUG cache:45 - Loading template for "v3html/v3-html-head.ftl"("en", UTF-8, parsed) from "jar:file:/C:/Users/akash/.m2/repository/com/aventstack/extentreports/4.0.9/extentreports-4.0.9.jar!/com/aventstack/extentreports/view/v3html/v3-html-head.ftl"
2022-08-25 14:26:43 DEBUG cache:45 - Couldn't find template in cache for "v3html/v3-html-nav.ftl"("en", UTF-8, parsed); will try to load it.
2022-08-25 14:26:43 DEBUG cache:45 - TemplateLoader.findTemplateSource("v3html/v3-html-nav_en.ftl"): Not found
2022-08-25 14:26:43 DEBUG cache:45 - TemplateLoader.findTemplateSource("v3html/v3-html-nav.ftl"): Found
2022-08-25 14:26:43 DEBUG cache:45 - Loading template for "v3html/v3-html-nav.ftl"("en", UTF-8, parsed) from "jar:file:/C:/Users/akash/.m2/repository/com/aventstack/extentreports/4.0.9/extentreports-4.0.9.jar!/com/aventstack/extentreports/view/v3html/v3-html-nav.ftl"
2022-08-25 14:26:43 DEBUG cache:45 - Couldn't find template in cache for "v3html/test-view/v3-html-test-view.ftl"("en", UTF-8, parsed); will try to load it.
2022-08-25 14:26:43 DEBUG cache:45 - TemplateLoader.findTemplateSource("v3html/test-view/v3-html-test-view_en.ftl"): Not found
2022-08-25 14:26:43 DEBUG cache:45 - TemplateLoader.findTemplateSource("v3html/test-view/v3-html-test-view.ftl"): Found
2022-08-25 14:26:43 DEBUG cache:45 - Loading template for "v3html/test-view/v3-html-test-view.ftl"("en", UTF-8, parsed) from "jar:file:/C:/Users/akash/.m2/repository/com/aventstack/extentreports/4.0.9/extentreports-4.0.9.jar!/com/aventstack/extentreports/view/v3html/test-view/v3-html-test-view.ftl"
2022-08-25 14:26:43 DEBUG cache:45 - Couldn't find template in cache for "v3html/test-view/v3-html-test-view-charts.ftl"("en", UTF-8, parsed); will try to load it.
2022-08-25 14:26:43 DEBUG cache:45 - TemplateLoader.findTemplateSource("v3html/test-view/v3-html-test-view-charts_en.ftl"): Not found
2022-08-25 14:26:43 DEBUG cache:45 - TemplateLoader.findTemplateSource("v3html/test-view/v3-html-test-view-charts.ftl"): Found
2022-08-25 14:26:43 DEBUG cache:45 - Loading template for "v3html/test-view/v3-html-test-view-charts.ftl"("en", UTF-8, parsed) from "jar:file:/C:/Users/akash/.m2/repository/com/aventstack/extentreports/4.0.9/extentreports-4.0.9.jar!/com/aventstack/extentreports/view/v3html/test-view/v3-html-test-view-charts.ftl"
2022-08-25 14:26:43 DEBUG cache:45 - Couldn't find template in cache for "v3html/test-view/v3-html-standard.ftl"("en", UTF-8, parsed); will try to load it.
2022-08-25 14:26:43 DEBUG cache:45 - TemplateLoader.findTemplateSource("v3html/test-view/v3-html-standard_en.ftl"): Not found
2022-08-25 14:26:43 DEBUG cache:45 - TemplateLoader.findTemplateSource("v3html/test-view/v3-html-standard.ftl"): Found
2022-08-25 14:26:43 DEBUG cache:45 - Loading template for "v3html/test-view/v3-html-standard.ftl"("en", UTF-8, parsed) from "jar:file:/C:/Users/akash/.m2/repository/com/aventstack/extentreports/4.0.9/extentreports-4.0.9.jar!/com/aventstack/extentreports/view/v3html/test-view/v3-html-standard.ftl"
2022-08-25 14:26:43 DEBUG cache:45 - "v3html/test-view/v3-html-standard.ftl"("en", UTF-8, parsed) cached copy not yet stale; using cached.
2022-08-25 14:26:43 DEBUG cache:45 - "v3html/test-view/v3-html-standard.ftl"("en", UTF-8, parsed) cached copy not yet stale; using cached.
2022-08-25 14:26:43 DEBUG cache:45 - "v3html/test-view/v3-html-standard.ftl"("en", UTF-8, parsed) cached copy not yet stale; using cached.
2022-08-25 14:26:43 DEBUG cache:45 - "v3html/test-view/v3-html-standard.ftl"("en", UTF-8, parsed) cached copy not yet stale; using cached.
2022-08-25 14:26:43 DEBUG cache:45 - "v3html/test-view/v3-html-standard.ftl"("en", UTF-8, parsed) cached copy not yet stale; using cached.
2022-08-25 14:26:43 DEBUG cache:45 - "v3html/test-view/v3-html-standard.ftl"("en", UTF-8, parsed) cached copy not yet stale; using cached.
2022-08-25 14:26:43 DEBUG cache:45 - "v3html/test-view/v3-html-standard.ftl"("en", UTF-8, parsed) cached copy not yet stale; using cached.
2022-08-25 14:26:43 DEBUG cache:45 - "v3html/test-view/v3-html-standard.ftl"("en", UTF-8, parsed) cached copy not yet stale; using cached.
2022-08-25 14:26:43 DEBUG cache:45 - "v3html/test-view/v3-html-standard.ftl"("en", UTF-8, parsed) cached copy not yet stale; using cached.
2022-08-25 14:26:43 DEBUG cache:45 - Couldn't find template in cache for "v3html/category-view/v3-html-category-view.ftl"("en", UTF-8, parsed); will try to load it.
2022-08-25 14:26:43 DEBUG cache:45 - TemplateLoader.findTemplateSource("v3html/category-view/v3-html-category-view_en.ftl"): Not found
2022-08-25 14:26:43 DEBUG cache:45 - TemplateLoader.findTemplateSource("v3html/category-view/v3-html-category-view.ftl"): Found
2022-08-25 14:26:43 DEBUG cache:45 - Loading template for "v3html/category-view/v3-html-category-view.ftl"("en", UTF-8, parsed) from "jar:file:/C:/Users/akash/.m2/repository/com/aventstack/extentreports/4.0.9/extentreports-4.0.9.jar!/com/aventstack/extentreports/view/v3html/category-view/v3-html-category-view.ftl"
2022-08-25 14:26:43 DEBUG cache:45 - Couldn't find template in cache for "v3html/exception-view/v3-html-exception-view.ftl"("en", UTF-8, parsed); will try to load it.
2022-08-25 14:26:43 DEBUG cache:45 - TemplateLoader.findTemplateSource("v3html/exception-view/v3-html-exception-view_en.ftl"): Not found
2022-08-25 14:26:43 DEBUG cache:45 - TemplateLoader.findTemplateSource("v3html/exception-view/v3-html-exception-view.ftl"): Found
2022-08-25 14:26:43 DEBUG cache:45 - Loading template for "v3html/exception-view/v3-html-exception-view.ftl"("en", UTF-8, parsed) from "jar:file:/C:/Users/akash/.m2/repository/com/aventstack/extentreports/4.0.9/extentreports-4.0.9.jar!/com/aventstack/extentreports/view/v3html/exception-view/v3-html-exception-view.ftl"
2022-08-25 14:26:43 DEBUG cache:45 - Couldn't find template in cache for "v3html/author-view/v3-html-author-view.ftl"("en", UTF-8, parsed); will try to load it.
2022-08-25 14:26:43 DEBUG cache:45 - TemplateLoader.findTemplateSource("v3html/author-view/v3-html-author-view_en.ftl"): Not found
2022-08-25 14:26:43 DEBUG cache:45 - TemplateLoader.findTemplateSource("v3html/author-view/v3-html-author-view.ftl"): Found
2022-08-25 14:26:43 DEBUG cache:45 - Loading template for "v3html/author-view/v3-html-author-view.ftl"("en", UTF-8, parsed) from "jar:file:/C:/Users/akash/.m2/repository/com/aventstack/extentreports/4.0.9/extentreports-4.0.9.jar!/com/aventstack/extentreports/view/v3html/author-view/v3-html-author-view.ftl"
2022-08-25 14:26:43 DEBUG cache:45 - Couldn't find template in cache for "v3html/dashboard-view/v3-html-dashboard-view.ftl"("en", UTF-8, parsed); will try to load it.
2022-08-25 14:26:43 DEBUG cache:45 - TemplateLoader.findTemplateSource("v3html/dashboard-view/v3-html-dashboard-view_en.ftl"): Not found
2022-08-25 14:26:43 DEBUG cache:45 - TemplateLoader.findTemplateSource("v3html/dashboard-view/v3-html-dashboard-view.ftl"): Found
2022-08-25 14:26:43 DEBUG cache:45 - Loading template for "v3html/dashboard-view/v3-html-dashboard-view.ftl"("en", UTF-8, parsed) from "jar:file:/C:/Users/akash/.m2/repository/com/aventstack/extentreports/4.0.9/extentreports-4.0.9.jar!/com/aventstack/extentreports/view/v3html/dashboard-view/v3-html-dashboard-view.ftl"
2022-08-25 14:26:43 DEBUG cache:45 - Couldn't find template in cache for "v3html/logs-view/v3-html-testrunner-logs-view.ftl"("en", UTF-8, parsed); will try to load it.
2022-08-25 14:26:43 DEBUG cache:45 - TemplateLoader.findTemplateSource("v3html/logs-view/v3-html-testrunner-logs-view_en.ftl"): Not found
2022-08-25 14:26:43 DEBUG cache:45 - TemplateLoader.findTemplateSource("v3html/logs-view/v3-html-testrunner-logs-view.ftl"): Found
2022-08-25 14:26:43 DEBUG cache:45 - Loading template for "v3html/logs-view/v3-html-testrunner-logs-view.ftl"("en", UTF-8, parsed) from "jar:file:/C:/Users/akash/.m2/repository/com/aventstack/extentreports/4.0.9/extentreports-4.0.9.jar!/com/aventstack/extentreports/view/v3html/logs-view/v3-html-testrunner-logs-view.ftl"
